CRITICAL - 2023-10-04 08:39:09 --> Class "App\Controllers\Controller" not found
in APPPATH\Controllers\Welcome.php on line 5.
 1 SYSTEMPATH\Autoloader\Autoloader.php(306): include_once()
 2 SYSTEMPATH\Autoloader\Autoloader.php(285): CodeIgniter\Autoloader\Autoloader->includeFile('C:\\xampp\\htdocs\\ci4\\app\\Controllers\\Welcome.php')
 3 SYSTEMPATH\Autoloader\Autoloader.php(263): CodeIgniter\Autoloader\Autoloader->loadInNamespace('App\\Controllers\\Welcome')
 4 [internal function]: CodeIgniter\Autoloader\Autoloader->loadClass('App\\Controllers\\Welcome')
 5 SYSTEMPATH\CodeIgniter.php(877): class_exists('\\App\\Controllers\\Welcome', true)
 6 SYSTEMPATH\CodeIgniter.php(481): CodeIgniter\CodeIgniter->startController()
 7 SYSTEMPATH\CodeIgniter.php(353): CodeIgniter\CodeIgniter->handleRequest(null, Object(Config\Cache), false)
 8 FCPATH\index.php(79): CodeIgniter\CodeIgniter->run()
CRITICAL - 2023-10-04 08:41:21 --> Class "App\Controllers\Controller" not found
in APPPATH\Controllers\Welcome.php on line 5.
 1 SYSTEMPATH\Autoloader\Autoloader.php(306): include_once()
 2 SYSTEMPATH\Autoloader\Autoloader.php(285): CodeIgniter\Autoloader\Autoloader->includeFile('C:\\xampp\\htdocs\\ci4\\app\\Controllers\\Welcome.php')
 3 SYSTEMPATH\Autoloader\Autoloader.php(263): CodeIgniter\Autoloader\Autoloader->loadInNamespace('App\\Controllers\\Welcome')
 4 [internal function]: CodeIgniter\Autoloader\Autoloader->loadClass('App\\Controllers\\Welcome')
 5 SYSTEMPATH\CodeIgniter.php(877): class_exists('\\App\\Controllers\\Welcome', true)
 6 SYSTEMPATH\CodeIgniter.php(481): CodeIgniter\CodeIgniter->startController()
 7 SYSTEMPATH\CodeIgniter.php(353): CodeIgniter\CodeIgniter->handleRequest(null, Object(Config\Cache), false)
 8 FCPATH\index.php(79): CodeIgniter\CodeIgniter->run()
CRITICAL - 2023-10-04 08:41:41 --> Class "App\Controllers\Controller" not found
in APPPATH\Controllers\Welcome.php on line 5.
 1 SYSTEMPATH\Autoloader\Autoloader.php(306): include_once()
 2 SYSTEMPATH\Autoloader\Autoloader.php(285): CodeIgniter\Autoloader\Autoloader->includeFile('C:\\xampp\\htdocs\\ci4\\app\\Controllers\\Welcome.php')
 3 SYSTEMPATH\Autoloader\Autoloader.php(263): CodeIgniter\Autoloader\Autoloader->loadInNamespace('App\\Controllers\\Welcome')
 4 [internal function]: CodeIgniter\Autoloader\Autoloader->loadClass('App\\Controllers\\Welcome')
 5 SYSTEMPATH\CodeIgniter.php(877): class_exists('\\App\\Controllers\\Welcome', true)
 6 SYSTEMPATH\CodeIgniter.php(481): CodeIgniter\CodeIgniter->startController()
 7 SYSTEMPATH\CodeIgniter.php(353): CodeIgniter\CodeIgniter->handleRequest(null, Object(Config\Cache), false)
 8 FCPATH\index.php(79): CodeIgniter\CodeIgniter->run()
